[debug] [2022-06-08T16:49:15.348Z] ----------------------------------------------------------------------
[debug] [2022-06-08T16:49:15.357Z] Command:       D:\laragon\bin\nodejs\node-v16.15.1-win-x64\node.exe C:\Users\emad\AppData\Roaming\npm\node_modules\firebase-tools\lib\bin\firebase.js init
[debug] [2022-06-08T16:49:15.360Z] CLI Version:   11.0.1
[debug] [2022-06-08T16:49:15.361Z] Platform:      win32
[debug] [2022-06-08T16:49:15.361Z] Node Version:  v16.15.1
[debug] [2022-06-08T16:49:15.366Z] Time:          Wed Jun 08 2022 18:49:15 GMT+0200 (Eastern European Standard Time)
[debug] [2022-06-08T16:49:15.367Z] ----------------------------------------------------------------------
[debug] 
[debug] [2022-06-08T16:49:15.407Z] > command requires scopes: ["email","openid","https://www.googleapis.com/auth/cloudplatformprojects.readonly","https://www.googleapis.com/auth/firebase","https://www.googleapis.com/auth/cloud-platform"]
[debug] [2022-06-08T16:49:15.408Z] > authorizing via signed-in user (ahmed333555777@gmail.com)
[info] 
     ######## #### ########  ######## ########     ###     ######  ########
     ##        ##  ##     ## ##       ##     ##  ##   ##  ##       ##
     ######    ##  ########  ######   ########  #########  ######  ######
     ##        ##  ##    ##  ##       ##     ## ##     ##       ## ##
     ##       #### ##     ## ######## ########  ##     ##  ######  ########

You're about to initialize a Firebase project in this directory:

  D:\laragon\www\livewire2

[info] 
=== Project Setup
[info] 
[info] First, let's associate this project directory with a Firebase project.
[info] You can create multiple project aliases by running firebase use --add, 
[info] but for now we'll just set up a default project.
[info] 
[debug] [2022-06-08T16:49:22.990Z] >>> [apiv2][query] GET https://firebase.googleapis.com/v1beta1/projects pageSize=100
[debug] [2022-06-08T16:49:24.050Z] <<< [apiv2][status] GET https://firebase.googleapis.com/v1beta1/projects 200
[debug] [2022-06-08T16:49:24.051Z] <<< [apiv2][body] GET https://firebase.googleapis.com/v1beta1/projects [omitted]
[info] i  Using project alafasymobile-3ca5c (alafasymobile) 
[info] 
=== Database Setup
[info] i  database: ensuring required API firebasedatabase.googleapis.com is enabled... 
[debug] [2022-06-08T16:49:25.690Z] >>> [apiv2][query] GET https://serviceusage.googleapis.com/v1/projects/alafasymobile-3ca5c/services/firebasedatabase.googleapis.com [none]
[debug] [2022-06-08T16:49:28.027Z] <<< [apiv2][status] GET https://serviceusage.googleapis.com/v1/projects/alafasymobile-3ca5c/services/firebasedatabase.googleapis.com 200
[debug] [2022-06-08T16:49:28.028Z] <<< [apiv2][body] GET https://serviceusage.googleapis.com/v1/projects/alafasymobile-3ca5c/services/firebasedatabase.googleapis.com [omitted]
[info] +  database: required API firebasedatabase.googleapis.com is enabled 
[info] 
[debug] [2022-06-08T16:49:28.037Z] >>> [apiv2][query] GET https://firebasedatabase.googleapis.com/v1beta/projects/alafasymobile-3ca5c/locations/-/instances/alafasymobile-3ca5c-default-rtdb [none]
[debug] [2022-06-08T16:49:38.045Z] Timeout reached making request to https://firebasedatabase.googleapis.com/v1beta/projects/alafasymobile-3ca5c/locations/-/instances/alafasymobile-3ca5c-default-rtdb
[debug] [2022-06-08T16:49:38.481Z] FirebaseError: Timeout reached making request to https://firebasedatabase.googleapis.com/v1beta/projects/alafasymobile-3ca5c/locations/-/instances/alafasymobile-3ca5c-default-rtdb
    at RetryOperation._fn (C:\Users\emad\AppData\Roaming\npm\node_modules\firebase-tools\lib\apiv2.js:236:35)
    at processTicksAndRejections (node:internal/process/task_queues:96:5)
[error] 
[error] Error: Failed to get instance details for instance: alafasymobile-3ca5c-default-rtdb. See firebase-debug.log for more details.
